#
# A fatal error has been detected by the Java Runtime Environment:
#
#  Internal Error (javaClasses.cpp:129), pid=2960, tid=1532
#  fatal error: Invalid layout of preloaded class
#
# JRE version: 7.0_21-b11
# Java VM: Java HotSpot(TM) 64-Bit Server VM (23.21-b01 mixed mode windows-amd64 compressed oops)
# Failed to write core dump. Minidumps are not enabled by default on client versions of Windows
#
# If you would like to submit a bug report, please visit:
#   http://bugreport.sun.com/bugreport/crash.jsp
#

---------------  T H R E A D  ---------------

Current thread (0x0000000001c9e000):  JavaThread "Unknown thread" [_thread_in_vm, id=1532, stack(0x0000000001ef0000,0x0000000001ff0000)]

Stack: [0x0000000001ef0000,0x0000000001ff0000]

---------------  P R O C E S S  ---------------

Java Threads: ( => current thread )

Other Threads:

=>0x0000000001c9e000 (exited) JavaThread "Unknown thread" [_thread_in_vm, id=1532, stack(0x0000000001ef0000,0x0000000001ff0000)]

VM state:not at safepoint (not fully initialized)

VM Mutex/Monitor currently owned by a thread: None

GC Heap History (0 events):
No events

Deoptimization events (0 events):
No events

Internal exceptions (0 events):
No events

Events (10 events):
Event: 0.022 loading class 0x0000000001d82ed0 done
Event: 0.022 loading class 0x0000000001d4a4c0 done
Event: 0.022 loading class 0x0000000001d4a490
Event: 0.022 loading class 0x0000000001d8c6a0
Event: 0.023 loading class 0x0000000001d8c6a0 done
Event: 0.023 loading class 0x0000000001d8c6e0
Event: 0.023 loading class 0x0000000001d8c6e0 done
Event: 0.023 loading class 0x0000000001dd5480
Event: 0.023 loading class 0x0000000001dd5480 done
Event: 0.023 loading class 0x0000000001d4a490 done


Dynamic libraries:
0x000000013f5b0000 - 0x000000013f5e3000 	C:\Program Files\Java\jre7\bin\javaw.exe
0x0000000076dd0000 - 0x0000000076f79000 	C:\Windows\SYSTEM32\ntdll.dll
0x0000000076bb0000 - 0x0000000076ccf000 	C:\Windows\system32\kernel32.dll
0x000007fefcc70000 - 0x000007fefccdb000 	C:\Windows\system32\KERNELBASE.dll
0x000007fefe7a0000 - 0x000007fefe87b000 	C:\Windows\system32\ADVAPI32.dll
0x000007fefd1c0000 - 0x000007fefd25f000 	C:\Windows\system32\msvcrt.dll
0x000007fefd470000 - 0x000007fefd48f000 	C:\Windows\SYSTEM32\sechost.dll
0x000007fefd2f0000 - 0x000007fefd41d000 	C:\Windows\system32\RPCRT4.dll
0x0000000076cd0000 - 0x0000000076dca000 	C:\Windows\system32\USER32.dll
0x000007fefe640000 - 0x000007fefe6a7000 	C:\Windows\system32\GDI32.dll
0x000007fefe790000 - 0x000007fefe79e000 	C:\Windows\system32\LPK.dll
0x000007fefd550000 - 0x000007fefd619000 	C:\Windows\system32\USP10.dll
0x000007fefb660000 - 0x000007fefb854000 	C:\Windows\WinSxS\amd64_microsoft.windows.common-controls_6595b64144ccf1df_6.0.7601.17514_none_fa396087175ac9ac\COMCTL32.dll
0x000007fefd140000 - 0x000007fefd1b1000 	C:\Windows\system32\SHLWAPI.dll
0x000007fefd2c0000 - 0x000007fefd2ee000 	C:\Windows\system32\IMM32.DLL
0x000007fefe930000 - 0x000007fefea39000 	C:\Windows\system32\MSCTF.dll
0x00000000620c0000 - 0x0000000062191000 	C:\Program Files\Java\jre7\bin\msvcr100.dll
0x0000000061990000 - 0x00000000620b1000 	C:\Program Files\Java\jre7\bin\server\jvm.dll
0x000007fefac20000 - 0x000007fefac29000 	C:\Windows\system32\WSOCK32.dll
0x000007fefd420000 - 0x000007fefd46d000 	C:\Windows\system32\WS2_32.dll
0x000007fefe920000 - 0x000007fefe928000 	C:\Windows\system32\NSI.dll
0x000007fefa390000 - 0x000007fefa3cb000 	C:\Windows\system32\WINMM.dll
0x0000000076f90000 - 0x0000000076f97000 	C:\Windows\system32\PSAPI.DLL
0x0000000071ff0000 - 0x0000000071fff000 	C:\Program Files\Java\jre7\bin\verify.dll
0x0000000064100000 - 0x0000000064128000 	C:\Program Files\Java\jre7\bin\java.dll
0x0000000071fd0000 - 0x0000000071fe5000 	C:\Program Files\Java\jre7\bin\zip.dll

VM Arguments:
jvm_args: -Dfile.encoding=Cp1252 -Xbootclasspath:C:\Android\android-sdk\platforms\android-17\android.jar 
java_command: edu.gvsu.cis.waterfortheworld.tools.LocaleManager
Launcher Type: SUN_STANDARD

Environment Variables:
JAVA_HOME=C:\Program Files\Java\jdk1.7.0_07
CLASSPATH=.;C:\Program Files (x86)\Java\jre7\lib\ext\QTJava.zip
PATH=C:/Program Files (x86)/Java/jre7/bin/client;C:/Program Files (x86)/Java/jre7/bin;C:/Program Files (x86)/Java/jre7/lib/i386;C:\Program Files (x86)\Haskell\bin;C:\Program Files (x86)\Haskell Platform\2012.4.0.0\lib\extralibs\bin;C:\Program Files (x86)\Haskell Platform\2012.4.0.0\bin;JAVA_HOME\bin;C:\Program Files\Common Files\Microsoft Shared\Windows Live;C:\Program Files (x86)\Common Files\Microsoft Shared\Windows Live;C:\Windows\system32;C:\Windows;C:\Windows\System32\Wbem;C:\Windows\System32\WindowsPowerShell\v1.0\;c:\Program Files (x86)\ATI Technologies\ATI.ACE\Core-Static;c:\Program Files\WIDCOMM\Bluetooth Software\;c:\Program Files\WIDCOMM\Bluetooth Software\syswow64;c:\Program Files (x86)\Common Files\Roxio Shared\10.0\DLLShared\;c:\Program Files (x86)\Common Files\Roxio Shared\DLLShared\;C:\Android\android-sdk\tools;C:\Android\android-sdk\platform-tools;C:\Program Files (x86)\Git\cmd;C:\Program Files\Java\jdk1.6.0_30\bin;C:\Program Files\Java\jdk1.7.0\bin;C:\MinGW\bin;C:\Program Files (x86)\QuickTime\QTSystem\;C:\Program Files\Apache Software Foundation\apache-maven-2.2.1\bin;C:\Clojure;C:\Program Files (x86)\Haskell Platform\2012.4.0.0\mingw\bin;C:\Users\Steven M.W. Hoffman\AppData\Roaming\cabal\bin;C:\eclipse-SDK-4.2.1-win32\eclipse;
USERNAME=Steven M.W. Hoffman
OS=Windows_NT
PROCESSOR_IDENTIFIER=Intel64 Family 6 Model 23 Stepping 10, GenuineIntel



---------------  S Y S T E M  ---------------

OS: Windows 7 , 64 bit Build 7601 Service Pack 1

CPU:total 2 (2 cores per cpu, 1 threads per core) family 6 model 23 stepping 10, cmov, cx8, fxsr, mmx, sse, sse2, sse3, ssse3, sse4.1, tsc

Memory: 4k page, physical 4158316k(2444616k free), swap 8314772k(5346068k free)

vm_info: Java HotSpot(TM) 64-Bit Server VM (23.21-b01) for windows-amd64 JRE (1.7.0_21-b11), built on Apr  4 2013 08:11:28 by "java_re" with unknown MS VC++:1600

time: Sat May 18 22:10:42 2013
elapsed time: 0 seconds

